  Building 'bootx64' with toolset 'WindowsKernelModeDriver10.0' and the 'Universal' target platform.
  Assembling mouse.asm...
  cs2.cpp
  cs2features.cpp
C:\Users\nevet\source\repos\!1NewECHunter\cs2\shared\cs2features.cpp(286,4): warning C4102: 'cs2': unreferenced label
C:\Users\nevet\source\repos\!1NewECHunter\cs2\shared\cs2features.cpp(1275,15): warning C4244: 'initializing': conversion from 'double' to 'int', possible loss of data
C:\Users\nevet\source\repos\!1NewECHunter\cs2\shared\cs2features.cpp(1275,6): warning C4189: 'barWidth': local variable is initialized but not referenced
C:\Users\nevet\source\repos\!1NewECHunter\cs2\shared\cs2features.cpp(1279,6): warning C4189: 'redOverlayHeight': local variable is initialized but not referenced
  cs2_bhop_efi.cpp
  csgo.cpp
  csgofeatures.cpp
  apex.cpp
  apexfeatures.cpp
  vm.cpp
  gdi.cpp
  kernel.cpp
  main.cpp
  utils.cpp
  Generating Code...
  bootx64.vcxproj -> C:\Users\nevet\source\repos\!1NewECHunter\projects\EFI\bootx64\x64\Release\bootx64.efi
  Driver is 'Universal'.
